[2023-08-22 14:09:27,616] {taskinstance.py:1179} INFO - Dependencies all met for <TaskInstance: entregable3.extract_and_transform_data manual__2023-08-22T13:44:58.673932+00:00 [queued]>
[2023-08-22 14:09:27,637] {taskinstance.py:1179} INFO - Dependencies all met for <TaskInstance: entregable3.extract_and_transform_data manual__2023-08-22T13:44:58.673932+00:00 [queued]>
[2023-08-22 14:09:27,640] {taskinstance.py:1376} INFO - 
--------------------------------------------------------------------------------
[2023-08-22 14:09:27,643] {taskinstance.py:1377} INFO - Starting attempt 2 of 6
[2023-08-22 14:09:27,644] {taskinstance.py:1378} INFO - 
--------------------------------------------------------------------------------
[2023-08-22 14:09:27,687] {taskinstance.py:1397} INFO - Executing <Task(PythonOperator): extract_and_transform_data> on 2023-08-22 13:44:58.673932+00:00
[2023-08-22 14:09:27,698] {standard_task_runner.py:52} INFO - Started process 2108 to run task
[2023-08-22 14:09:27,704] {standard_task_runner.py:79} INFO - Running: ['***', 'tasks', 'run', 'entregable3', 'extract_and_transform_data', 'manual__2023-08-22T13:44:58.673932+00:00', '--job-id', '24', '--raw', '--subdir', 'DAGS_FOLDER/entregable.py', '--cfg-path', '/tmp/tmp2rajz_7q', '--error-file', '/tmp/tmptdm96j51']
[2023-08-22 14:09:27,711] {standard_task_runner.py:80} INFO - Job 24: Subtask extract_and_transform_data
[2023-08-22 14:09:27,818] {task_command.py:371} INFO - Running <TaskInstance: entregable3.extract_and_transform_data manual__2023-08-22T13:44:58.673932+00:00 [running]> on host eebeded14cb4
[2023-08-22 14:09:27,980] {taskinstance.py:1591} INFO - Exporting the following env vars:
AIRFLOW_CTX_DAG_OWNER=Yamil
AIRFLOW_CTX_DAG_ID=entregable3
AIRFLOW_CTX_TASK_ID=extract_and_transform_data
AIRFLOW_CTX_EXECUTION_DATE=2023-08-22T13:44:58.673932+00:00
AIRFLOW_CTX_TRY_NUMBER=2
AIRFLOW_CTX_DAG_RUN_ID=manual__2023-08-22T13:44:58.673932+00:00
[2023-08-22 14:09:32,404] {python.py:173} INFO - Done. Returned value was: None
[2023-08-22 14:09:32,431] {taskinstance.py:1420} INFO - Marking task as SUCCESS. dag_id=entregable3, task_id=extract_and_transform_data, execution_date=20230822T134458, start_date=20230822T140927, end_date=20230822T140932
[2023-08-22 14:09:32,483] {local_task_job.py:156} INFO - Task exited with return code 0
[2023-08-22 14:09:32,564] {local_task_job.py:273} INFO - 1 downstream tasks scheduled from follow-on schedule check
