[2023-08-22 17:44:16,047] {taskinstance.py:1179} INFO - Dependencies all met for <TaskInstance: entregable3.extract_and_transform_data manual__2023-08-22T17:44:14.403781+00:00 [queued]>
[2023-08-22 17:44:16,066] {taskinstance.py:1179} INFO - Dependencies all met for <TaskInstance: entregable3.extract_and_transform_data manual__2023-08-22T17:44:14.403781+00:00 [queued]>
[2023-08-22 17:44:16,067] {taskinstance.py:1376} INFO - 
--------------------------------------------------------------------------------
[2023-08-22 17:44:16,078] {taskinstance.py:1377} INFO - Starting attempt 1 of 6
[2023-08-22 17:44:16,082] {taskinstance.py:1378} INFO - 
--------------------------------------------------------------------------------
[2023-08-22 17:44:16,109] {taskinstance.py:1397} INFO - Executing <Task(PythonOperator): extract_and_transform_data> on 2023-08-22 17:44:14.403781+00:00
[2023-08-22 17:44:16,115] {standard_task_runner.py:52} INFO - Started process 15668 to run task
[2023-08-22 17:44:16,119] {standard_task_runner.py:79} INFO - Running: ['***', 'tasks', 'run', 'entregable3', 'extract_and_transform_data', 'manual__2023-08-22T17:44:14.403781+00:00', '--job-id', '82', '--raw', '--subdir', 'DAGS_FOLDER/entregable3.py', '--cfg-path', '/tmp/tmpj8j_16ny', '--error-file', '/tmp/tmpcwudjfxb']
[2023-08-22 17:44:16,120] {standard_task_runner.py:80} INFO - Job 82: Subtask extract_and_transform_data
[2023-08-22 17:44:16,205] {task_command.py:371} INFO - Running <TaskInstance: entregable3.extract_and_transform_data manual__2023-08-22T17:44:14.403781+00:00 [running]> on host eebeded14cb4
[2023-08-22 17:44:16,309] {taskinstance.py:1591} INFO - Exporting the following env vars:
AIRFLOW_CTX_DAG_OWNER=Yamil
AIRFLOW_CTX_DAG_ID=entregable3
AIRFLOW_CTX_TASK_ID=extract_and_transform_data
AIRFLOW_CTX_EXECUTION_DATE=2023-08-22T17:44:14.403781+00:00
AIRFLOW_CTX_TRY_NUMBER=1
AIRFLOW_CTX_DAG_RUN_ID=manual__2023-08-22T17:44:14.403781+00:00
[2023-08-22 17:44:20,681] {python.py:173} INFO - Done. Returned value was: None
[2023-08-22 17:44:20,698] {taskinstance.py:1420} INFO - Marking task as SUCCESS. dag_id=entregable3, task_id=extract_and_transform_data, execution_date=20230822T174414, start_date=20230822T174416, end_date=20230822T174420
[2023-08-22 17:44:20,769] {local_task_job.py:156} INFO - Task exited with return code 0
[2023-08-22 17:44:20,848] {local_task_job.py:273} INFO - 0 downstream tasks scheduled from follow-on schedule check
