[2023-08-22 17:44:11,929] {taskinstance.py:1179} INFO - Dependencies all met for <TaskInstance: entregable3.extract_and_transform_data manual__2023-08-22T17:24:49.622919+00:00 [queued]>
[2023-08-22 17:44:11,942] {taskinstance.py:1179} INFO - Dependencies all met for <TaskInstance: entregable3.extract_and_transform_data manual__2023-08-22T17:24:49.622919+00:00 [queued]>
[2023-08-22 17:44:11,943] {taskinstance.py:1376} INFO - 
--------------------------------------------------------------------------------
[2023-08-22 17:44:11,944] {taskinstance.py:1377} INFO - Starting attempt 1 of 6
[2023-08-22 17:44:11,945] {taskinstance.py:1378} INFO - 
--------------------------------------------------------------------------------
[2023-08-22 17:44:11,966] {taskinstance.py:1397} INFO - Executing <Task(PythonOperator): extract_and_transform_data> on 2023-08-22 17:24:49.622919+00:00
[2023-08-22 17:44:11,971] {standard_task_runner.py:52} INFO - Started process 15660 to run task
[2023-08-22 17:44:11,975] {standard_task_runner.py:79} INFO - Running: ['***', 'tasks', 'run', 'entregable3', 'extract_and_transform_data', 'manual__2023-08-22T17:24:49.622919+00:00', '--job-id', '81', '--raw', '--subdir', 'DAGS_FOLDER/entregable3.py', '--cfg-path', '/tmp/tmp06_bv8t7', '--error-file', '/tmp/tmpx5k_8dv9']
[2023-08-22 17:44:11,977] {standard_task_runner.py:80} INFO - Job 81: Subtask extract_and_transform_data
[2023-08-22 17:44:12,060] {task_command.py:371} INFO - Running <TaskInstance: entregable3.extract_and_transform_data manual__2023-08-22T17:24:49.622919+00:00 [running]> on host eebeded14cb4
[2023-08-22 17:44:12,260] {taskinstance.py:1591} INFO - Exporting the following env vars:
AIRFLOW_CTX_DAG_OWNER=Yamil
AIRFLOW_CTX_DAG_ID=entregable3
AIRFLOW_CTX_TASK_ID=extract_and_transform_data
AIRFLOW_CTX_EXECUTION_DATE=2023-08-22T17:24:49.622919+00:00
AIRFLOW_CTX_TRY_NUMBER=1
AIRFLOW_CTX_DAG_RUN_ID=manual__2023-08-22T17:24:49.622919+00:00
[2023-08-22 17:44:16,751] {python.py:173} INFO - Done. Returned value was: None
[2023-08-22 17:44:16,767] {taskinstance.py:1420} INFO - Marking task as SUCCESS. dag_id=entregable3, task_id=extract_and_transform_data, execution_date=20230822T172449, start_date=20230822T174411, end_date=20230822T174416
[2023-08-22 17:44:16,805] {local_task_job.py:156} INFO - Task exited with return code 0
[2023-08-22 17:44:16,866] {dagrun.py:1081} ERROR - Failed to get task '<TaskInstance: entregable3.transform_data manual__2023-08-22T17:24:49.622919+00:00 [removed]>' for dag 'entregable3'. Marking it as removed.
[2023-08-22 17:44:16,870] {dagrun.py:1081} ERROR - Failed to get task '<TaskInstance: entregable3.get_data_from_api manual__2023-08-22T17:24:49.622919+00:00 [removed]>' for dag 'entregable3'. Marking it as removed.
[2023-08-22 17:44:16,885] {local_task_job.py:273} INFO - 1 downstream tasks scheduled from follow-on schedule check
