[2023-08-22 14:09:27,603] {taskinstance.py:1179} INFO - Dependencies all met for <TaskInstance: entregable3.extract_and_transform_data manual__2023-08-22T14:09:25.186366+00:00 [queued]>
[2023-08-22 14:09:27,628] {taskinstance.py:1179} INFO - Dependencies all met for <TaskInstance: entregable3.extract_and_transform_data manual__2023-08-22T14:09:25.186366+00:00 [queued]>
[2023-08-22 14:09:27,629] {taskinstance.py:1376} INFO - 
--------------------------------------------------------------------------------
[2023-08-22 14:09:27,643] {taskinstance.py:1377} INFO - Starting attempt 1 of 6
[2023-08-22 14:09:27,644] {taskinstance.py:1378} INFO - 
--------------------------------------------------------------------------------
[2023-08-22 14:09:27,684] {taskinstance.py:1397} INFO - Executing <Task(PythonOperator): extract_and_transform_data> on 2023-08-22 14:09:25.186366+00:00
[2023-08-22 14:09:27,690] {standard_task_runner.py:52} INFO - Started process 2107 to run task
[2023-08-22 14:09:27,702] {standard_task_runner.py:79} INFO - Running: ['***', 'tasks', 'run', 'entregable3', 'extract_and_transform_data', 'manual__2023-08-22T14:09:25.186366+00:00', '--job-id', '23', '--raw', '--subdir', 'DAGS_FOLDER/entregable.py', '--cfg-path', '/tmp/tmp1j4ajugc', '--error-file', '/tmp/tmpnrn5zh9n']
[2023-08-22 14:09:27,707] {standard_task_runner.py:80} INFO - Job 23: Subtask extract_and_transform_data
[2023-08-22 14:09:27,813] {task_command.py:371} INFO - Running <TaskInstance: entregable3.extract_and_transform_data manual__2023-08-22T14:09:25.186366+00:00 [running]> on host eebeded14cb4
[2023-08-22 14:09:27,961] {taskinstance.py:1591} INFO - Exporting the following env vars:
AIRFLOW_CTX_DAG_OWNER=Yamil
AIRFLOW_CTX_DAG_ID=entregable3
AIRFLOW_CTX_TASK_ID=extract_and_transform_data
AIRFLOW_CTX_EXECUTION_DATE=2023-08-22T14:09:25.186366+00:00
AIRFLOW_CTX_TRY_NUMBER=1
AIRFLOW_CTX_DAG_RUN_ID=manual__2023-08-22T14:09:25.186366+00:00
[2023-08-22 14:09:32,352] {python.py:173} INFO - Done. Returned value was: None
[2023-08-22 14:09:32,374] {taskinstance.py:1420} INFO - Marking task as SUCCESS. dag_id=entregable3, task_id=extract_and_transform_data, execution_date=20230822T140925, start_date=20230822T140927, end_date=20230822T140932
[2023-08-22 14:09:32,482] {local_task_job.py:156} INFO - Task exited with return code 0
[2023-08-22 14:09:32,551] {local_task_job.py:273} INFO - 1 downstream tasks scheduled from follow-on schedule check
