[2023-09-02 12:59:26,665] {taskinstance.py:1179} INFO - Dependencies all met for <TaskInstance: entregable3.extract_and_transform_data scheduled__2023-08-30T00:00:00+00:00 [queued]>
[2023-09-02 12:59:26,678] {taskinstance.py:1179} INFO - Dependencies all met for <TaskInstance: entregable3.extract_and_transform_data scheduled__2023-08-30T00:00:00+00:00 [queued]>
[2023-09-02 12:59:26,678] {taskinstance.py:1376} INFO - 
--------------------------------------------------------------------------------
[2023-09-02 12:59:26,679] {taskinstance.py:1377} INFO - Starting attempt 1 of 6
[2023-09-02 12:59:26,680] {taskinstance.py:1378} INFO - 
--------------------------------------------------------------------------------
[2023-09-02 12:59:26,695] {taskinstance.py:1397} INFO - Executing <Task(PythonOperator): extract_and_transform_data> on 2023-08-30 00:00:00+00:00
[2023-09-02 12:59:26,699] {standard_task_runner.py:52} INFO - Started process 179 to run task
[2023-09-02 12:59:26,702] {standard_task_runner.py:79} INFO - Running: ['***', 'tasks', 'run', 'entregable3', 'extract_and_transform_data', 'scheduled__2023-08-30T00:00:00+00:00', '--job-id', '103', '--raw', '--subdir', 'DAGS_FOLDER/entregable3.py', '--cfg-path', '/tmp/tmp44vl2mh4', '--error-file', '/tmp/tmpjcyvt29z']
[2023-09-02 12:59:26,704] {standard_task_runner.py:80} INFO - Job 103: Subtask extract_and_transform_data
[2023-09-02 12:59:26,791] {task_command.py:371} INFO - Running <TaskInstance: entregable3.extract_and_transform_data scheduled__2023-08-30T00:00:00+00:00 [running]> on host eebeded14cb4
[2023-09-02 12:59:26,892] {taskinstance.py:1591} INFO - Exporting the following env vars:
AIRFLOW_CTX_DAG_OWNER=Yamil
AIRFLOW_CTX_DAG_ID=entregable3
AIRFLOW_CTX_TASK_ID=extract_and_transform_data
AIRFLOW_CTX_EXECUTION_DATE=2023-08-30T00:00:00+00:00
AIRFLOW_CTX_TRY_NUMBER=1
AIRFLOW_CTX_DAG_RUN_ID=scheduled__2023-08-30T00:00:00+00:00
[2023-09-02 12:59:34,838] {logging_mixin.py:115} INFO - No hay nuevos datos para cargar en la tabla.
[2023-09-02 12:59:34,840] {python.py:173} INFO - Done. Returned value was: None
[2023-09-02 12:59:34,871] {taskinstance.py:1420} INFO - Marking task as SUCCESS. dag_id=entregable3, task_id=extract_and_transform_data, execution_date=20230830T000000, start_date=20230902T125926, end_date=20230902T125934
[2023-09-02 12:59:34,908] {local_task_job.py:156} INFO - Task exited with return code 0
[2023-09-02 12:59:34,937] {local_task_job.py:273} INFO - 0 downstream tasks scheduled from follow-on schedule check
