[2023-08-22 17:17:46,486] {taskinstance.py:1179} INFO - Dependencies all met for <TaskInstance: entregable3.extract_and_transform_data manual__2023-08-22T14:55:00.861723+00:00 [queued]>
[2023-08-22 17:17:46,541] {taskinstance.py:1179} INFO - Dependencies all met for <TaskInstance: entregable3.extract_and_transform_data manual__2023-08-22T14:55:00.861723+00:00 [queued]>
[2023-08-22 17:17:46,545] {taskinstance.py:1376} INFO - 
--------------------------------------------------------------------------------
[2023-08-22 17:17:46,546] {taskinstance.py:1377} INFO - Starting attempt 2 of 6
[2023-08-22 17:17:46,547] {taskinstance.py:1378} INFO - 
--------------------------------------------------------------------------------
[2023-08-22 17:17:46,727] {taskinstance.py:1397} INFO - Executing <Task(PythonOperator): extract_and_transform_data> on 2023-08-22 14:55:00.861723+00:00
[2023-08-22 17:17:46,774] {standard_task_runner.py:52} INFO - Started process 14526 to run task
[2023-08-22 17:17:46,806] {standard_task_runner.py:79} INFO - Running: ['***', 'tasks', 'run', 'entregable3', 'extract_and_transform_data', 'manual__2023-08-22T14:55:00.861723+00:00', '--job-id', '53', '--raw', '--subdir', 'DAGS_FOLDER/entregable.py', '--cfg-path', '/tmp/tmpbn2hlq8y', '--error-file', '/tmp/tmpufmeyamn']
[2023-08-22 17:17:46,837] {standard_task_runner.py:80} INFO - Job 53: Subtask extract_and_transform_data
[2023-08-22 17:17:47,448] {task_command.py:371} INFO - Running <TaskInstance: entregable3.extract_and_transform_data manual__2023-08-22T14:55:00.861723+00:00 [running]> on host eebeded14cb4
[2023-08-22 17:17:47,924] {taskinstance.py:1591} INFO - Exporting the following env vars:
AIRFLOW_CTX_DAG_OWNER=Yamil
AIRFLOW_CTX_DAG_ID=entregable3
AIRFLOW_CTX_TASK_ID=extract_and_transform_data
AIRFLOW_CTX_EXECUTION_DATE=2023-08-22T14:55:00.861723+00:00
AIRFLOW_CTX_TRY_NUMBER=2
AIRFLOW_CTX_DAG_RUN_ID=manual__2023-08-22T14:55:00.861723+00:00
[2023-08-22 17:17:52,339] {python.py:173} INFO - Done. Returned value was: None
[2023-08-22 17:17:52,771] {taskinstance.py:1420} INFO - Marking task as SUCCESS. dag_id=entregable3, task_id=extract_and_transform_data, execution_date=20230822T145500, start_date=20230822T171746, end_date=20230822T171752
[2023-08-22 17:17:52,902] {local_task_job.py:156} INFO - Task exited with return code 0
[2023-08-22 17:17:53,109] {dagrun.py:1081} ERROR - Failed to get task '<TaskInstance: entregable3.transform_data manual__2023-08-22T14:55:00.861723+00:00 [removed]>' for dag 'entregable3'. Marking it as removed.
[2023-08-22 17:17:53,126] {dagrun.py:1081} ERROR - Failed to get task '<TaskInstance: entregable3.get_data_from_api manual__2023-08-22T14:55:00.861723+00:00 [removed]>' for dag 'entregable3'. Marking it as removed.
[2023-08-22 17:17:53,196] {local_task_job.py:273} INFO - 1 downstream tasks scheduled from follow-on schedule check
