[2023-08-25 17:23:14,185] {taskinstance.py:1179} INFO - Dependencies all met for <TaskInstance: entregable3.extract_and_transform_data scheduled__2023-08-24T00:00:00+00:00 [queued]>
[2023-08-25 17:23:14,198] {taskinstance.py:1179} INFO - Dependencies all met for <TaskInstance: entregable3.extract_and_transform_data scheduled__2023-08-24T00:00:00+00:00 [queued]>
[2023-08-25 17:23:14,198] {taskinstance.py:1376} INFO - 
--------------------------------------------------------------------------------
[2023-08-25 17:23:14,201] {taskinstance.py:1377} INFO - Starting attempt 1 of 6
[2023-08-25 17:23:14,202] {taskinstance.py:1378} INFO - 
--------------------------------------------------------------------------------
[2023-08-25 17:23:14,221] {taskinstance.py:1397} INFO - Executing <Task(PythonOperator): extract_and_transform_data> on 2023-08-24 00:00:00+00:00
[2023-08-25 17:23:14,225] {standard_task_runner.py:52} INFO - Started process 176 to run task
[2023-08-25 17:23:14,228] {standard_task_runner.py:79} INFO - Running: ['***', 'tasks', 'run', 'entregable3', 'extract_and_transform_data', 'scheduled__2023-08-24T00:00:00+00:00', '--job-id', '95', '--raw', '--subdir', 'DAGS_FOLDER/entregable3.py', '--cfg-path', '/tmp/tmp2addy55d', '--error-file', '/tmp/tmp6jbetacw']
[2023-08-25 17:23:14,230] {standard_task_runner.py:80} INFO - Job 95: Subtask extract_and_transform_data
[2023-08-25 17:23:14,306] {task_command.py:371} INFO - Running <TaskInstance: entregable3.extract_and_transform_data scheduled__2023-08-24T00:00:00+00:00 [running]> on host eebeded14cb4
[2023-08-25 17:23:14,426] {taskinstance.py:1591} INFO - Exporting the following env vars:
AIRFLOW_CTX_DAG_OWNER=Yamil
AIRFLOW_CTX_DAG_ID=entregable3
AIRFLOW_CTX_TASK_ID=extract_and_transform_data
AIRFLOW_CTX_EXECUTION_DATE=2023-08-24T00:00:00+00:00
AIRFLOW_CTX_TRY_NUMBER=1
AIRFLOW_CTX_DAG_RUN_ID=scheduled__2023-08-24T00:00:00+00:00
[2023-08-25 17:23:22,165] {logging_mixin.py:115} INFO - No hay nuevos datos para cargar en la tabla.
[2023-08-25 17:23:22,166] {python.py:173} INFO - Done. Returned value was: None
[2023-08-25 17:23:22,181] {taskinstance.py:1420} INFO - Marking task as SUCCESS. dag_id=entregable3, task_id=extract_and_transform_data, execution_date=20230824T000000, start_date=20230825T172314, end_date=20230825T172322
[2023-08-25 17:23:22,211] {local_task_job.py:156} INFO - Task exited with return code 0
[2023-08-25 17:23:22,244] {local_task_job.py:273} INFO - 0 downstream tasks scheduled from follow-on schedule check
