[2023-08-22 17:17:47,207] {taskinstance.py:1179} INFO - Dependencies all met for <TaskInstance: entregable3.extract_and_transform_data manual__2023-08-22T14:31:07.641022+00:00 [queued]>
[2023-08-22 17:17:47,342] {taskinstance.py:1179} INFO - Dependencies all met for <TaskInstance: entregable3.extract_and_transform_data manual__2023-08-22T14:31:07.641022+00:00 [queued]>
[2023-08-22 17:17:47,352] {taskinstance.py:1376} INFO - 
--------------------------------------------------------------------------------
[2023-08-22 17:17:47,360] {taskinstance.py:1377} INFO - Starting attempt 2 of 6
[2023-08-22 17:17:47,361] {taskinstance.py:1378} INFO - 
--------------------------------------------------------------------------------
[2023-08-22 17:17:47,466] {taskinstance.py:1397} INFO - Executing <Task(PythonOperator): extract_and_transform_data> on 2023-08-22 14:31:07.641022+00:00
[2023-08-22 17:17:47,475] {standard_task_runner.py:52} INFO - Started process 14531 to run task
[2023-08-22 17:17:47,494] {standard_task_runner.py:79} INFO - Running: ['***', 'tasks', 'run', 'entregable3', 'extract_and_transform_data', 'manual__2023-08-22T14:31:07.641022+00:00', '--job-id', '55', '--raw', '--subdir', 'DAGS_FOLDER/entregable.py', '--cfg-path', '/tmp/tmpldu_2k4z', '--error-file', '/tmp/tmphmpq0aci']
[2023-08-22 17:17:47,517] {standard_task_runner.py:80} INFO - Job 55: Subtask extract_and_transform_data
[2023-08-22 17:17:47,824] {task_command.py:371} INFO - Running <TaskInstance: entregable3.extract_and_transform_data manual__2023-08-22T14:31:07.641022+00:00 [running]> on host eebeded14cb4
[2023-08-22 17:17:48,096] {taskinstance.py:1591} INFO - Exporting the following env vars:
AIRFLOW_CTX_DAG_OWNER=Yamil
AIRFLOW_CTX_DAG_ID=entregable3
AIRFLOW_CTX_TASK_ID=extract_and_transform_data
AIRFLOW_CTX_EXECUTION_DATE=2023-08-22T14:31:07.641022+00:00
AIRFLOW_CTX_TRY_NUMBER=2
AIRFLOW_CTX_DAG_RUN_ID=manual__2023-08-22T14:31:07.641022+00:00
[2023-08-22 17:17:52,715] {python.py:173} INFO - Done. Returned value was: None
[2023-08-22 17:17:52,774] {taskinstance.py:1420} INFO - Marking task as SUCCESS. dag_id=entregable3, task_id=extract_and_transform_data, execution_date=20230822T143107, start_date=20230822T171747, end_date=20230822T171752
[2023-08-22 17:17:52,875] {local_task_job.py:156} INFO - Task exited with return code 0
[2023-08-22 17:17:53,098] {dagrun.py:1081} ERROR - Failed to get task '<TaskInstance: entregable3.transform_data manual__2023-08-22T14:31:07.641022+00:00 [removed]>' for dag 'entregable3'. Marking it as removed.
[2023-08-22 17:17:53,113] {dagrun.py:1081} ERROR - Failed to get task '<TaskInstance: entregable3.get_data_from_api manual__2023-08-22T14:31:07.641022+00:00 [removed]>' for dag 'entregable3'. Marking it as removed.
[2023-08-22 17:17:53,154] {local_task_job.py:273} INFO - 1 downstream tasks scheduled from follow-on schedule check
