[2023-08-24 19:25:18,322] {taskinstance.py:1179} INFO - Dependencies all met for <TaskInstance: entregable3.extract_and_transform_data manual__2023-08-24T19:25:16.712382+00:00 [queued]>
[2023-08-24 19:25:18,334] {taskinstance.py:1179} INFO - Dependencies all met for <TaskInstance: entregable3.extract_and_transform_data manual__2023-08-24T19:25:16.712382+00:00 [queued]>
[2023-08-24 19:25:18,335] {taskinstance.py:1376} INFO - 
--------------------------------------------------------------------------------
[2023-08-24 19:25:18,344] {taskinstance.py:1377} INFO - Starting attempt 1 of 6
[2023-08-24 19:25:18,345] {taskinstance.py:1378} INFO - 
--------------------------------------------------------------------------------
[2023-08-24 19:25:18,362] {taskinstance.py:1397} INFO - Executing <Task(PythonOperator): extract_and_transform_data> on 2023-08-24 19:25:16.712382+00:00
[2023-08-24 19:25:18,367] {standard_task_runner.py:52} INFO - Started process 10237 to run task
[2023-08-24 19:25:18,371] {standard_task_runner.py:79} INFO - Running: ['***', 'tasks', 'run', 'entregable3', 'extract_and_transform_data', 'manual__2023-08-24T19:25:16.712382+00:00', '--job-id', '93', '--raw', '--subdir', 'DAGS_FOLDER/entregable3.py', '--cfg-path', '/tmp/tmpdnni9187', '--error-file', '/tmp/tmpl5yhu2at']
[2023-08-24 19:25:18,373] {standard_task_runner.py:80} INFO - Job 93: Subtask extract_and_transform_data
[2023-08-24 19:25:18,456] {task_command.py:371} INFO - Running <TaskInstance: entregable3.extract_and_transform_data manual__2023-08-24T19:25:16.712382+00:00 [running]> on host eebeded14cb4
[2023-08-24 19:25:18,557] {taskinstance.py:1591} INFO - Exporting the following env vars:
AIRFLOW_CTX_DAG_OWNER=Yamil
AIRFLOW_CTX_DAG_ID=entregable3
AIRFLOW_CTX_TASK_ID=extract_and_transform_data
AIRFLOW_CTX_EXECUTION_DATE=2023-08-24T19:25:16.712382+00:00
AIRFLOW_CTX_TRY_NUMBER=1
AIRFLOW_CTX_DAG_RUN_ID=manual__2023-08-24T19:25:16.712382+00:00
[2023-08-24 19:25:26,547] {logging_mixin.py:115} INFO - No hay nuevos datos para cargar en la tabla.
[2023-08-24 19:25:26,548] {python.py:173} INFO - Done. Returned value was: None
[2023-08-24 19:25:26,566] {taskinstance.py:1420} INFO - Marking task as SUCCESS. dag_id=entregable3, task_id=extract_and_transform_data, execution_date=20230824T192516, start_date=20230824T192518, end_date=20230824T192526
[2023-08-24 19:25:26,647] {local_task_job.py:156} INFO - Task exited with return code 0
[2023-08-24 19:25:26,697] {local_task_job.py:273} INFO - 0 downstream tasks scheduled from follow-on schedule check
