[2023-09-02 12:59:26,671] {taskinstance.py:1179} INFO - Dependencies all met for <TaskInstance: entregable3.extract_and_transform_data scheduled__2023-09-01T00:00:00+00:00 [queued]>
[2023-09-02 12:59:26,684] {taskinstance.py:1179} INFO - Dependencies all met for <TaskInstance: entregable3.extract_and_transform_data scheduled__2023-09-01T00:00:00+00:00 [queued]>
[2023-09-02 12:59:26,685] {taskinstance.py:1376} INFO - 
--------------------------------------------------------------------------------
[2023-09-02 12:59:26,685] {taskinstance.py:1377} INFO - Starting attempt 1 of 6
[2023-09-02 12:59:26,686] {taskinstance.py:1378} INFO - 
--------------------------------------------------------------------------------
[2023-09-02 12:59:26,707] {taskinstance.py:1397} INFO - Executing <Task(PythonOperator): extract_and_transform_data> on 2023-09-01 00:00:00+00:00
[2023-09-02 12:59:26,713] {standard_task_runner.py:52} INFO - Started process 180 to run task
[2023-09-02 12:59:26,717] {standard_task_runner.py:79} INFO - Running: ['***', 'tasks', 'run', 'entregable3', 'extract_and_transform_data', 'scheduled__2023-09-01T00:00:00+00:00', '--job-id', '104', '--raw', '--subdir', 'DAGS_FOLDER/entregable3.py', '--cfg-path', '/tmp/tmprg1anzg1', '--error-file', '/tmp/tmpwy9uptbs']
[2023-09-02 12:59:26,719] {standard_task_runner.py:80} INFO - Job 104: Subtask extract_and_transform_data
[2023-09-02 12:59:26,798] {task_command.py:371} INFO - Running <TaskInstance: entregable3.extract_and_transform_data scheduled__2023-09-01T00:00:00+00:00 [running]> on host eebeded14cb4
[2023-09-02 12:59:26,898] {taskinstance.py:1591} INFO - Exporting the following env vars:
AIRFLOW_CTX_DAG_OWNER=Yamil
AIRFLOW_CTX_DAG_ID=entregable3
AIRFLOW_CTX_TASK_ID=extract_and_transform_data
AIRFLOW_CTX_EXECUTION_DATE=2023-09-01T00:00:00+00:00
AIRFLOW_CTX_TRY_NUMBER=1
AIRFLOW_CTX_DAG_RUN_ID=scheduled__2023-09-01T00:00:00+00:00
[2023-09-02 12:59:34,838] {logging_mixin.py:115} INFO - No hay nuevos datos para cargar en la tabla.
[2023-09-02 12:59:34,840] {python.py:173} INFO - Done. Returned value was: None
[2023-09-02 12:59:34,871] {taskinstance.py:1420} INFO - Marking task as SUCCESS. dag_id=entregable3, task_id=extract_and_transform_data, execution_date=20230901T000000, start_date=20230902T125926, end_date=20230902T125934
[2023-09-02 12:59:34,930] {local_task_job.py:156} INFO - Task exited with return code 0
[2023-09-02 12:59:34,960] {local_task_job.py:273} INFO - 0 downstream tasks scheduled from follow-on schedule check
